<?xml version="1.0" encoding="UTF-8"?>
<!-- Generated by org.testng.reporters.JUnitReportReporter -->
<testsuite skipped="0" hostname="MSEN2.local" name="test.TestRunnerIOS" tests="1" failures="1" timestamp="2022-01-26T17:29:37 EET" time="135.673" errors="0">
  <testcase name="scenario" time="135.673" classname="test.TestRunnerIOS">
    <failure type="java.lang.AssertionError" message="&gt;&gt;&gt; writeText($**/XCUIElementTypeTextField[`value == &#039;Takım, Maç Kodu, Lig Ara&#039;`]); fonksiyonu çalışmadı !!!">
      <![CDATA[java.lang.AssertionError: >>> writeText($**/XCUIElementTypeTextField[`value == 'Takım, Maç Kodu, Lig Ara'`]); fonksiyonu çalışmadı !!!
at org.testng.Assert.fail(Assert.java:99)
at page.PageBaseIos.throwFail(PageBaseIos.java:770)
at page.PageBaseIos.writeText(PageBaseIos.java:352)
at ios.pages.pageCanliIddaa.TakimAdiAra(pageCanliIddaa.java:240)
at ios.stepDefinitions.iosSteps.canli_iddaa_sayfasinda_ilk_maca_tiklanir_(iosSteps.java:1512)
at ✽.ios - Canlı Iddaa sayfası Arama çubuğuna kopyalanan takım ismi yazılır.(file:///Users/metin.sen/Documents/GitLab/bilyoner_test_cucumber/src/test/java/ios/features/iosSanityOne.feature:103)
]]>
    </failure>
  </testcase> <!-- scenario -->
  <system-out/>
</testsuite> <!-- test.TestRunnerIOS -->
