<?xml version="1.0" encoding="UTF-8"?>
<!-- Generated by org.testng.reporters.JUnitReportReporter -->
<testsuite skipped="0" hostname="MSEN2.local" name="test.rerun" tests="14" failures="7" timestamp="2021-11-22T22:53:40 EET" time="600.100" errors="5">
  <testcase name="scenario" time="82.844" classname="test.rerun">
    <failure type="java.lang.AssertionError" message="expected [true] but found [false]">
      <![CDATA[java.lang.AssertionError: expected [true] but found [false]
at org.testng.Assert.fail(Assert.java:99)
at org.testng.Assert.failNotEquals(Assert.java:1037)
at org.testng.Assert.assertTrue(Assert.java:45)
at org.testng.Assert.assertTrue(Assert.java:55)
at page.PageBaseAndroid.assertFound(PageBaseAndroid.java:433)
at android.pages.pageNavigasyon.BetSlip_MacSayisi_Kontrol(pageNavigasyon.java:67)
at android.stepDefinitions.androidSteps.betslipta_mac_sayisinin_oldugu_kontrol_edilir(androidSteps.java:826)
at ✽.android - BetSlipte maç sayısının "1 Maç" olduğu kontrol edilir.(file:///Users/metin.sen/Documents/GitLab/bilyoner_test_cucumber/src/test/java/android/features/androidTekliBultenRegression.feature:688)
]]>
    </failure>
  </testcase> <!-- scenario -->
  <system-out/>
  <testcase name="scenario" time="33.134" classname="test.rerun">
    <error type="java.lang.NullPointerException">
      <![CDATA[java.lang.NullPointerException
at android.pages.pageIddaa.Ilk_Takim_Ismini_Kopyala(pageIddaa.java:295)
at android.stepDefinitions.androidSteps.iddaa_sayfasinda_ilk_takimin_ismi_kopyalanir(androidSteps.java:2851)
at ✽.android - Iddaa sayfasında ilk takımın ismi kopyalanır.(file:///Users/metin.sen/Documents/GitLab/bilyoner_test_cucumber/src/test/java/android/features/androidTekliBultenRegression.feature:782)
]]>
    </error>
  </testcase> <!-- scenario -->
  <system-out/>
  <testcase name="scenario" time="59.753" classname="test.rerun">
    <failure type="java.lang.AssertionError" message="expected [true] but found [false]">
      <![CDATA[java.lang.AssertionError: expected [true] but found [false]
at org.testng.Assert.fail(Assert.java:99)
at org.testng.Assert.failNotEquals(Assert.java:1037)
at org.testng.Assert.assertTrue(Assert.java:45)
at org.testng.Assert.assertTrue(Assert.java:55)
at page.PageBaseAndroid.assertFound(PageBaseAndroid.java:433)
at android.pages.pageNavigasyon.BetSlip_MacSayisi_Kontrol(pageNavigasyon.java:67)
at android.stepDefinitions.androidSteps.betslipta_mac_sayisinin_oldugu_kontrol_edilir(androidSteps.java:826)
at ✽.android - BetSlipte maç sayısının "1 Maç" olduğu kontrol edilir.(file:///Users/metin.sen/Documents/GitLab/bilyoner_test_cucumber/src/test/java/android/features/androidTekliBultenRegression.feature:750)
]]>
    </failure>
  </testcase> <!-- scenario -->
  <system-out/>
  <testcase name="scenario" time="74.136" classname="test.rerun">
    <failure type="java.lang.AssertionError" message="expected [true] but found [false]">
      <![CDATA[java.lang.AssertionError: expected [true] but found [false]
at org.testng.Assert.fail(Assert.java:99)
at org.testng.Assert.failNotEquals(Assert.java:1037)
at org.testng.Assert.assertTrue(Assert.java:45)
at org.testng.Assert.assertTrue(Assert.java:55)
at page.PageBaseAndroid.assertFound(PageBaseAndroid.java:433)
at android.pages.pageNavigasyon.BetSlip_MacSayisi_Kontrol(pageNavigasyon.java:67)
at android.stepDefinitions.androidSteps.betslipta_mac_sayisinin_oldugu_kontrol_edilir(androidSteps.java:826)
at ✽.android - BetSlipte maç sayısının "1 Maç" olduğu kontrol edilir.(file:///Users/metin.sen/Documents/GitLab/bilyoner_test_cucumber/src/test/java/android/features/androidTekliBultenRegression.feature:703)
]]>
    </failure>
  </testcase> <!-- scenario -->
  <system-out/>
  <testcase name="scenario" time="24.000" classname="test.rerun"/>
  <system-out/>
  <testcase name="scenario" time="18.692" classname="test.rerun">
    <error type="org.openqa.selenium.StaleElementReferenceException" message="Cached elements &#039;By.xpath: //*[@resource-id=&#039;com.pozitron.bilyoner:id/oddBoxesContainer&#039;]/child::*[1]&#039; do not exist in DOM anymore
For documentation on this error, please visit: https://www.seleniumhq.org/exceptions/stale_element_reference.html
Build info: version: &#039;3.141.59&#039;, revision: &#039;e82be7d358&#039;, time: &#039;2018-11-14T08:17:03&#039;
System info: host: &#039;MSEN2.local&#039;, ip: &#039;fe80:0:0:0:99:804d:7049:a61e%en0&#039;, os.name: &#039;Mac OS X&#039;, os.arch: &#039;x86_64&#039;, os.version: &#039;10.16&#039;, java.version: &#039;1.8.0_301&#039;
Driver info: io.appium.java_client.android.AndroidDriver
Capabilities {appActivity: com.bilyoner.ui.splash.Spla..., appPackage: com.pozitron.bilyoner, autoGrantPermissions: true, automationName: UiAutomator2, clearSystemFiles: false, databaseEnabled: false, desired: {appActivity: com.bilyoner.ui.splash.Spla..., appPackage: com.pozitron.bilyoner, autoGrantPermissions: true, automationName: UiAutomator2, clearSystemFiles: false, deviceName: SM-A920F, noReset: true, platformName: android, platformVersion: 10, udid: 33a4175b0a057ece}, deviceApiLevel: 29, deviceManufacturer: samsung, deviceModel: SM-A920F, deviceName: 33a4175b0a057ece, deviceScreenDensity: 420, deviceScreenSize: 1080x2220, deviceUDID: 33a4175b0a057ece, javascriptEnabled: true, locationContextEnabled: false, networkConnectionEnabled: true, noReset: true, pixelRatio: 2.625, platform: LINUX, platformName: Android, platformVersion: 10, statBarHeight: 63, takesScreenshot: true, udid: 33a4175b0a057ece, viewportRect: {height: 2118, left: 0, top: 63, width: 1080}, warnings: {}, webStorageEnabled: false}
Session ID: fdaf47cb-fd7b-426b-9eb3-d2b06d605572">
      <![CDATA[org.openqa.selenium.StaleElementReferenceException: Cached elements 'By.xpath: //*[@resource-id='com.pozitron.bilyoner:id/oddBoxesContainer']/child::*[1]' do not exist in DOM anymore
For documentation on this error, please visit: https://www.seleniumhq.org/exceptions/stale_element_reference.html
Build info: version: '3.141.59', revision: 'e82be7d358', time: '2018-11-14T08:17:03'
System info: host: 'MSEN2.local', ip: 'fe80:0:0:0:99:804d:7049:a61e%en0', os.name: 'Mac OS X', os.arch: 'x86_64', os.version: '10.16', java.version: '1.8.0_301'
Driver info: io.appium.java_client.android.AndroidDriver
Capabilities {appActivity: com.bilyoner.ui.splash.Spla..., appPackage: com.pozitron.bilyoner, autoGrantPermissions: true, automationName: UiAutomator2, clearSystemFiles: false, databaseEnabled: false, desired: {appActivity: com.bilyoner.ui.splash.Spla..., appPackage: com.pozitron.bilyoner, autoGrantPermissions: true, automationName: UiAutomator2, clearSystemFiles: false, deviceName: SM-A920F, noReset: true, platformName: android, platformVersion: 10, udid: 33a4175b0a057ece}, deviceApiLevel: 29, deviceManufacturer: samsung, deviceModel: SM-A920F, deviceName: 33a4175b0a057ece, deviceScreenDensity: 420, deviceScreenSize: 1080x2220, deviceUDID: 33a4175b0a057ece, javascriptEnabled: true, locationContextEnabled: false, networkConnectionEnabled: true, noReset: true, pixelRatio: 2.625, platform: LINUX, platformName: Android, platformVersion: 10, statBarHeight: 63, takesScreenshot: true, udid: 33a4175b0a057ece, viewportRect: {height: 2118, left: 0, top: 63, width: 1080}, warnings: {}, webStorageEnabled: false}
Session ID: fdaf47cb-fd7b-426b-9eb3-d2b06d605572
at sun.reflect.NativeConstructorAccessorImpl.newInstance0(Native Method)
at sun.reflect.NativeConstructorAccessorImpl.newInstance(NativeConstructorAccessorImpl.java:62)
at sun.reflect.DelegatingConstructorAccessorImpl.newInstance(DelegatingConstructorAccessorImpl.java:45)
at java.lang.reflect.Constructor.newInstance(Constructor.java:423)
at org.openqa.selenium.remote.http.W3CHttpResponseCodec.createException(W3CHttpResponseCodec.java:187)
at org.openqa.selenium.remote.http.W3CHttpResponseCodec.decode(W3CHttpResponseCodec.java:122)
at org.openqa.selenium.remote.http.W3CHttpResponseCodec.decode(W3CHttpResponseCodec.java:49)
at org.openqa.selenium.remote.HttpCommandExecutor.execute(HttpCommandExecutor.java:158)
at io.appium.java_client.remote.AppiumCommandExecutor.execute(AppiumCommandExecutor.java:250)
at org.openqa.selenium.remote.RemoteWebDriver.execute(RemoteWebDriver.java:552)
at io.appium.java_client.DefaultGenericMobileDriver.execute(DefaultGenericMobileDriver.java:41)
at io.appium.java_client.AppiumDriver.execute(AppiumDriver.java:1)
at io.appium.java_client.android.AndroidDriver.execute(AndroidDriver.java:1)
at org.openqa.selenium.remote.RemoteWebElement.execute(RemoteWebElement.java:285)
at io.appium.java_client.DefaultGenericMobileElement.execute(DefaultGenericMobileElement.java:45)
at io.appium.java_client.MobileElement.execute(MobileElement.java:1)
at io.appium.java_client.android.AndroidElement.execute(AndroidElement.java:1)
at org.openqa.selenium.remote.RemoteWebElement.click(RemoteWebElement.java:84)
at page.PageBaseAndroid.click(PageBaseAndroid.java:198)
at android.pages.pageCanliIddaa.Ilk_Macin_Ilk_Oranina_Tikla(pageCanliIddaa.java:532)
at android.stepDefinitions.androidSteps.canli_iddaa_sayfasinda_ilk_macin_ilk_oranina_tiklanir(androidSteps.java:791)
at ✽.android - Canlı Iddaa sayfasında ilk maçın ilk oranına tıklanır.(file:///Users/metin.sen/Documents/GitLab/bilyoner_test_cucumber/src/test/java/android/features/androidTekliBultenRegression.feature:693)
]]>
    </error>
  </testcase> <!-- scenario -->
  <system-out/>
  <testcase name="scenario" time="22.151" classname="test.rerun"/>
  <system-out/>
  <testcase name="scenario" time="62.003" classname="test.rerun">
    <failure type="java.lang.AssertionError" message="expected [true] but found [false]">
      <![CDATA[java.lang.AssertionError: expected [true] but found [false]
at org.testng.Assert.fail(Assert.java:99)
at org.testng.Assert.failNotEquals(Assert.java:1037)
at org.testng.Assert.assertTrue(Assert.java:45)
at org.testng.Assert.assertTrue(Assert.java:55)
at page.PageBaseAndroid.assertFound(PageBaseAndroid.java:433)
at android.pages.pageNavigasyon.BetSlip_MacSayisi_Kontrol(pageNavigasyon.java:67)
at android.stepDefinitions.androidSteps.betslipta_mac_sayisinin_oldugu_kontrol_edilir(androidSteps.java:826)
at ✽.android - BetSlipte maç sayısının "3 Maç" olduğu kontrol edilir.(file:///Users/metin.sen/Documents/GitLab/bilyoner_test_cucumber/src/test/java/android/features/androidTekliBultenRegression.feature:762)
]]>
    </failure>
  </testcase> <!-- scenario -->
  <system-out/>
  <testcase name="scenario" time="7.890" classname="test.rerun">
    <error type="org.openqa.selenium.NoSuchSessionException" message="Session ID is null. Using WebDriver after calling quit()?
Build info: version: &#039;3.141.59&#039;, revision: &#039;e82be7d358&#039;, time: &#039;2018-11-14T08:17:03&#039;
System info: host: &#039;MSEN2.local&#039;, ip: &#039;fe80:0:0:0:99:804d:7049:a61e%en0&#039;, os.name: &#039;Mac OS X&#039;, os.arch: &#039;x86_64&#039;, os.version: &#039;10.16&#039;, java.version: &#039;1.8.0_301&#039;
Driver info: driver.version: AndroidDriver">
      <![CDATA[org.openqa.selenium.NoSuchSessionException: Session ID is null. Using WebDriver after calling quit()?
Build info: version: '3.141.59', revision: 'e82be7d358', time: '2018-11-14T08:17:03'
System info: host: 'MSEN2.local', ip: 'fe80:0:0:0:99:804d:7049:a61e%en0', os.name: 'Mac OS X', os.arch: 'x86_64', os.version: '10.16', java.version: '1.8.0_301'
Driver info: driver.version: AndroidDriver
at org.openqa.selenium.remote.HttpCommandExecutor.execute(HttpCommandExecutor.java:125)
at io.appium.java_client.remote.AppiumCommandExecutor.execute(AppiumCommandExecutor.java:250)
at org.openqa.selenium.remote.RemoteWebDriver.execute(RemoteWebDriver.java:552)
at io.appium.java_client.DefaultGenericMobileDriver.execute(DefaultGenericMobileDriver.java:41)
at io.appium.java_client.AppiumDriver.execute(AppiumDriver.java:1)
at io.appium.java_client.android.AndroidDriver.execute(AndroidDriver.java:1)
at org.openqa.selenium.remote.RemoteWebDriver$RemoteWebDriverOptions$RemoteTimeouts.implicitlyWait(RemoteWebDriver.java:780)
at page.PageBaseAndroid.<init>(PageBaseAndroid.java:39)
at android.pages.pageIlkGiris.<init>(pageIlkGiris.java:18)
at android.stepDefinitions.stepDefBase.setupScreens(stepDefBase.java:36)
at android.stepDefinitions.androidSteps.BeforeScenario(androidSteps.java:17)
]]>
    </error>
  </testcase> <!-- scenario -->
  <system-out/>
  <testcase name="scenario" time="59.671" classname="test.rerun">
    <failure type="java.lang.AssertionError" message="expected [true] but found [false]">
      <![CDATA[java.lang.AssertionError: expected [true] but found [false]
at org.testng.Assert.fail(Assert.java:99)
at org.testng.Assert.failNotEquals(Assert.java:1037)
at org.testng.Assert.assertTrue(Assert.java:45)
at org.testng.Assert.assertTrue(Assert.java:55)
at page.PageBaseAndroid.assertFound(PageBaseAndroid.java:433)
at android.pages.pageNavigasyon.BetSlip_MacSayisi_Kontrol(pageNavigasyon.java:67)
at android.stepDefinitions.androidSteps.betslipta_mac_sayisinin_oldugu_kontrol_edilir(androidSteps.java:826)
at ✽.android - BetSlipte maç sayısının "1 Maç" olduğu kontrol edilir.(file:///Users/metin.sen/Documents/GitLab/bilyoner_test_cucumber/src/test/java/android/features/androidTekliBultenRegression.feature:716)
]]>
    </failure>
  </testcase> <!-- scenario -->
  <system-out/>
  <testcase name="scenario" time="7.859" classname="test.rerun">
    <error type="org.openqa.selenium.NoSuchSessionException" message="Session ID is null. Using WebDriver after calling quit()?
Build info: version: &#039;3.141.59&#039;, revision: &#039;e82be7d358&#039;, time: &#039;2018-11-14T08:17:03&#039;
System info: host: &#039;MSEN2.local&#039;, ip: &#039;fe80:0:0:0:99:804d:7049:a61e%en0&#039;, os.name: &#039;Mac OS X&#039;, os.arch: &#039;x86_64&#039;, os.version: &#039;10.16&#039;, java.version: &#039;1.8.0_301&#039;
Driver info: driver.version: AndroidDriver">
      <![CDATA[org.openqa.selenium.NoSuchSessionException: Session ID is null. Using WebDriver after calling quit()?
Build info: version: '3.141.59', revision: 'e82be7d358', time: '2018-11-14T08:17:03'
System info: host: 'MSEN2.local', ip: 'fe80:0:0:0:99:804d:7049:a61e%en0', os.name: 'Mac OS X', os.arch: 'x86_64', os.version: '10.16', java.version: '1.8.0_301'
Driver info: driver.version: AndroidDriver
at org.openqa.selenium.remote.HttpCommandExecutor.execute(HttpCommandExecutor.java:125)
at io.appium.java_client.remote.AppiumCommandExecutor.execute(AppiumCommandExecutor.java:250)
at org.openqa.selenium.remote.RemoteWebDriver.execute(RemoteWebDriver.java:552)
at io.appium.java_client.DefaultGenericMobileDriver.execute(DefaultGenericMobileDriver.java:41)
at io.appium.java_client.AppiumDriver.execute(AppiumDriver.java:1)
at io.appium.java_client.android.AndroidDriver.execute(AndroidDriver.java:1)
at org.openqa.selenium.remote.RemoteWebDriver$RemoteWebDriverOptions$RemoteTimeouts.implicitlyWait(RemoteWebDriver.java:780)
at page.PageBaseAndroid.<init>(PageBaseAndroid.java:39)
at android.pages.pageIlkGiris.<init>(pageIlkGiris.java:18)
at android.stepDefinitions.stepDefBase.setupScreens(stepDefBase.java:36)
at android.stepDefinitions.androidSteps.BeforeScenario(androidSteps.java:17)
]]>
    </error>
  </testcase> <!-- scenario -->
  <system-out/>
  <testcase name="scenario" time="60.298" classname="test.rerun">
    <failure type="java.lang.AssertionError" message="expected [true] but found [false]">
      <![CDATA[java.lang.AssertionError: expected [true] but found [false]
at org.testng.Assert.fail(Assert.java:99)
at org.testng.Assert.failNotEquals(Assert.java:1037)
at org.testng.Assert.assertTrue(Assert.java:45)
at org.testng.Assert.assertTrue(Assert.java:55)
at page.PageBaseAndroid.assertFound(PageBaseAndroid.java:433)
at android.pages.pageNavigasyon.BetSlip_MacSayisi_Kontrol(pageNavigasyon.java:67)
at android.stepDefinitions.androidSteps.betslipta_mac_sayisinin_oldugu_kontrol_edilir(androidSteps.java:826)
at ✽.android - BetSlipte maç sayısının "3 Maç" olduğu kontrol edilir.(file:///Users/metin.sen/Documents/GitLab/bilyoner_test_cucumber/src/test/java/android/features/androidTekliBultenRegression.feature:774)
]]>
    </failure>
  </testcase> <!-- scenario -->
  <system-out/>
  <testcase name="scenario" time="26.022" classname="test.rerun">
    <error type="java.lang.NullPointerException">
      <![CDATA[java.lang.NullPointerException
at android.pages.pageIddaa.Ilk_Takim_Ismini_Kopyala(pageIddaa.java:295)
at android.stepDefinitions.androidSteps.iddaa_sayfasinda_ilk_takimin_ismi_kopyalanir(androidSteps.java:2851)
at ✽.android - Iddaa sayfasında ilk takımın ismi kopyalanır.(file:///Users/metin.sen/Documents/GitLab/bilyoner_test_cucumber/src/test/java/android/features/androidTekliBultenRegression.feature:351)
]]>
    </error>
  </testcase> <!-- scenario -->
  <system-out/>
  <testcase name="scenario" time="61.647" classname="test.rerun">
    <failure type="java.lang.AssertionError" message="expected [true] but found [false]">
      <![CDATA[java.lang.AssertionError: expected [true] but found [false]
at org.testng.Assert.fail(Assert.java:99)
at org.testng.Assert.failNotEquals(Assert.java:1037)
at org.testng.Assert.assertTrue(Assert.java:45)
at org.testng.Assert.assertTrue(Assert.java:55)
at page.PageBaseAndroid.assertFound(PageBaseAndroid.java:433)
at android.pages.pageNavigasyon.BetSlip_MacSayisi_Kontrol(pageNavigasyon.java:67)
at android.stepDefinitions.androidSteps.betslipta_mac_sayisinin_oldugu_kontrol_edilir(androidSteps.java:826)
at ✽.android - BetSlipte maç sayısının "1 Maç" olduğu kontrol edilir.(file:///Users/metin.sen/Documents/GitLab/bilyoner_test_cucumber/src/test/java/android/features/androidTekliBultenRegression.feature:725)
]]>
    </failure>
  </testcase> <!-- scenario -->
  <system-out/>
</testsuite> <!-- test.rerun -->
