<?xml version="1.0" encoding="UTF-8"?>
<!-- Generated by org.testng.reporters.JUnitReportReporter -->
<testsuite skipped="0" hostname="MSEN2.local" name="test.TestRunnerApi" tests="1" failures="0" timestamp="2021-10-15T15:02:46 EET" time="1.417" errors="0">
  <testcase name="scenario" time="1.417" classname="test.TestRunnerApi"/>
  <system-out/>
</testsuite> <!-- test.TestRunnerApi -->
